mode: atomic
simple-commerce/common/configurer.go:32.107,37.45 5 3
simple-commerce/common/configurer.go:37.45,38.55 1 3
simple-commerce/common/configurer.go:38.55,41.4 2 3
simple-commerce/common/configurer.go:41.9,44.4 2 0
simple-commerce/common/configurer.go:46.2,56.3 3 0
simple-commerce/common/functional.go:3.46,5.23 2 2
simple-commerce/common/functional.go:5.23,7.3 1 3
simple-commerce/common/functional.go:8.2,8.12 1 2
simple-commerce/common/functional.go:11.49,13.23 2 2
simple-commerce/common/functional.go:13.23,14.12 1 3
simple-commerce/common/functional.go:14.12,16.4 1 2
simple-commerce/common/functional.go:18.2,18.12 1 2
simple-commerce/common/functional.go:21.58,22.23 1 2
simple-commerce/common/functional.go:22.23,24.3 1 3
simple-commerce/common/functional.go:25.2,25.13 1 2
simple-commerce/common/functional.go:28.52,30.23 2 2
simple-commerce/common/functional.go:30.23,32.3 1 3
simple-commerce/common/functional.go:33.2,33.12 1 2
simple-commerce/common/functional.go:36.48,37.23 1 3
simple-commerce/common/functional.go:37.23,38.12 1 5
simple-commerce/common/functional.go:38.12,40.4 1 1
simple-commerce/common/functional.go:42.2,42.14 1 2
simple-commerce/common/functional.go:45.47,46.18 1 3
simple-commerce/common/functional.go:46.18,48.3 1 1
simple-commerce/common/functional.go:49.2,49.23 1 2
simple-commerce/common/functional.go:49.23,50.13 1 4
simple-commerce/common/functional.go:50.13,52.4 1 1
simple-commerce/common/functional.go:54.2,54.13 1 1
simple-commerce/common/logger.go:14.34,20.2 5 1
